<?xml version="1.0" encoding="UTF-8"?>
<testng-results skipped="0" failed="0" ignored="0" total="1" passed="1">
  <reporter-output>
  </reporter-output>
  <suite name="Command line suite" duration-ms="31" started-at="2021-08-04T01:24:42Z" finished-at="2021-08-04T01:24:42Z">
    <groups>
    </groups>
    <test name="Command line test" duration-ms="31" started-at="2021-08-04T01:24:42Z" finished-at="2021-08-04T01:24:42Z">
      <class name="com.TYRmg.Projects.AppTest">
        <test-method status="PASS" signature="testApp()[pri:0, instance:testApp(com.TYRmg.Projects.AppTest)]" name="testApp" duration-ms="2" started-at="2021-08-04T01:24:42Z" finished-at="2021-08-04T01:24:42Z">
          <reporter-output>
          </reporter-output>
        </test-method> <!-- testApp -->
      </class> <!-- com.TYRmg.Projects.AppTest -->
    </test> <!-- Command line test -->
  </suite> <!-- Command line suite -->
</testng-results>
