<?xml version="1.0" encoding="UTF-8"?>
<testng-results skipped="0" failed="0" ignored="0" total="2" passed="2">
  <reporter-output>
  </reporter-output>
  <suite name="Suite" duration-ms="106" started-at="2021-08-04T05:28:04Z" finished-at="2021-08-04T05:28:04Z">
    <groups>
    </groups>
    <test name="Test2" duration-ms="106" started-at="2021-08-04T05:28:04Z" finished-at="2021-08-04T05:28:04Z">
      <class name="com.TYRmg.Projects.CreateProjectTest">
        <test-method status="PASS" signature="createProjectTest()[pri:0, instance:com.TYRmg.Projects.CreateProjectTest@5ebec15]" name="createProjectTest" duration-ms="2" started-at="2021-08-04T05:28:04Z" finished-at="2021-08-04T05:28:04Z">
          <reporter-output>
          </reporter-output>
        </test-method> <!-- createProjectTest -->
      </class> <!-- com.TYRmg.Projects.CreateProjectTest -->
      <class name="com.TYRmg.Projects.Test2">
        <test-method status="PASS" signature="test2()[pri:0, instance:com.TYRmg.Projects.Test2@3d8c7aca]" name="test2" duration-ms="28" started-at="2021-08-04T05:28:04Z" finished-at="2021-08-04T05:28:04Z">
          <reporter-output>
          </reporter-output>
        </test-method> <!-- test2 -->
      </class> <!-- com.TYRmg.Projects.Test2 -->
    </test> <!-- Test2 -->
  </suite> <!-- Suite -->
</testng-results>
