<?xml version="1.0" encoding="UTF-8"?>
<testsuite xmlns:xsi="http://www.w3.org/2001/XMLSchema-instance" xsi:noNamespaceSchemaLocation="https://maven.apache.org/surefire/maven-surefire-plugin/xsd/surefire-test-report-3.0.xsd" version="3.0" name="TestSuite" time="1.018" tests="2" errors="0" skipped="0" failures="0">
  <properties>
[...]
</properties>
  <testcase name="test2" classname="com.TYRmg.Projects.Test2" time="0.213">
    <system-out><![CDATA[second project is here
Leave everything to maven
]]></system-out>
  </testcase>
  <testcase name="createProjectTest" classname="com.TYRmg.Projects.CreateProjectTest" time="0.008">
    <system-out><![CDATA[Hey buddy, here we create projects for you
it is not my first maven project
]]></system-out>
  </testcase>
</testsuite>