<?xml version="1.0" encoding="UTF-8"?>
<testng-results skipped="0" failed="0" total="1" passed="1">
  <reporter-output>
  </reporter-output>
  <suite name="Default suite" duration-ms="65" started-at="2021-08-03T07:12:11Z" finished-at="2021-08-03T07:12:11Z">
    <groups>
    </groups>
    <test name="Default test" duration-ms="65" started-at="2021-08-03T07:12:11Z" finished-at="2021-08-03T07:12:11Z">
      <class name="com.TYRmg.Projects.CreateProjectTest">
        <test-method status="PASS" signature="createProjectTest()[pri:0, instance:com.TYRmg.Projects.CreateProjectTest@3930015a]" name="createProjectTest" duration-ms="22" started-at="2021-08-03T12:42:11Z" finished-at="2021-08-03T12:42:11Z">
          <reporter-output>
          </reporter-output>
        </test-method> <!-- createProjectTest -->
      </class> <!-- com.TYRmg.Projects.CreateProjectTest -->
    </test> <!-- Default test -->
  </suite> <!-- Default suite -->
</testng-results>
