<?xml version="1.0" encoding="UTF-8"?>
<!-- Generated by org.testng.reporters.JUnitReportReporter -->
<testsuite hostname="Admin-PC" name="createProjectWithCreateStatusAndValidateInDB.CreateProjectWithCreateStatusAndValidateInDB" tests="1" failures="0" timestamp="9 Aug 2021 04:59:06 GMT" time="10.853" errors="0">
  <testcase name="CreateProjectCreateStatusAndValidateInDB" time="10.853" classname="createProjectWithCreateStatusAndValidateInDB.CreateProjectWithCreateStatusAndValidateInDB"/>
</testsuite> <!-- createProjectWithCreateStatusAndValidateInDB.CreateProjectWithCreateStatusAndValidateInDB -->
