<?xml version="1.0" encoding="UTF-8"?>
<testng-results skipped="0" failed="0" total="1" passed="1">
  <reporter-output>
  </reporter-output>
  <suite name="Default suite" duration-ms="10889" started-at="2021-08-09T04:58:55Z" finished-at="2021-08-09T04:59:06Z">
    <groups>
    </groups>
    <test name="Default test" duration-ms="10889" started-at="2021-08-09T04:58:55Z" finished-at="2021-08-09T04:59:06Z">
      <class name="createProjectWithCreateStatusAndValidateInDB.CreateProjectWithCreateStatusAndValidateInDB">
        <test-method status="PASS" signature="CreateProjectCreateStatusAndValidateInDB()[pri:0, instance:createProjectWithCreateStatusAndValidateInDB.CreateProjectWithCreateStatusAndValidateInDB@6debcae2]" name="CreateProjectCreateStatusAndValidateInDB" duration-ms="10853" started-at="2021-08-09T10:28:55Z" finished-at="2021-08-09T10:29:06Z">
          <reporter-output>
          </reporter-output>
        </test-method> <!-- CreateProjectCreateStatusAndValidateInDB -->
      </class> <!-- createProjectWithCreateStatusAndValidateInDB.CreateProjectWithCreateStatusAndValidateInDB -->
    </test> <!-- Default test -->
  </suite> <!-- Default suite -->
</testng-results>
