<?xml version="1.0" encoding="UTF-8"?>
<testng-results skipped="0" failed="0" ignored="0" total="2" passed="2">
  <reporter-output>
  </reporter-output>
  <suite name="Command line suite" duration-ms="80" started-at="2021-08-04T01:24:41Z" finished-at="2021-08-04T01:24:42Z">
    <groups>
    </groups>
    <test name="Command line test" duration-ms="80" started-at="2021-08-04T01:24:41Z" finished-at="2021-08-04T01:24:42Z">
      <class name="com.TYRmg.Projects.CreateProjectTest">
        <test-method status="PASS" signature="createProjectTest()[pri:0, instance:com.TYRmg.Projects.CreateProjectTest@1b0375b3]" name="createProjectTest" duration-ms="23" started-at="2021-08-04T01:24:42Z" finished-at="2021-08-04T01:24:42Z">
          <reporter-output>
          </reporter-output>
        </test-method> <!-- createProjectTest -->
      </class> <!-- com.TYRmg.Projects.CreateProjectTest -->
      <class name="com.TYRmg.Projects.Test2">
        <test-method status="PASS" signature="test2()[pri:0, instance:com.TYRmg.Projects.Test2@2f7c7260]" name="test2" duration-ms="1" started-at="2021-08-04T01:24:42Z" finished-at="2021-08-04T01:24:42Z">
          <reporter-output>
          </reporter-output>
        </test-method> <!-- test2 -->
      </class> <!-- com.TYRmg.Projects.Test2 -->
    </test> <!-- Command line test -->
  </suite> <!-- Command line suite -->
</testng-results>
